<?xml version="1.0" encoding="utf-8"?>
<Dictionary>
  <TableDataSource Name="Custom" ReferenceName="Data.Custom" DataType="System.Int32" Enabled="true">
    <Column Name="C0" DataType="System.String" PropName="Column" />
    <Column Name="C1" DataType="System.String" PropName="Column" />
    <Column Name="C2" DataType="System.String" PropName="Column" />
    <Column Name="C3" DataType="System.String" PropName="Column" />
    <Column Name="C4" DataType="System.String" PropName="Column" />
    <Column Name="C5" DataType="System.String" PropName="Column" />
    <Column Name="C6" DataType="System.String" PropName="Column" />
    <Column Name="C7" DataType="System.String" PropName="Column" />
    <Column Name="C8" DataType="System.String" PropName="Column" />
    <Column Name="C9" DataType="System.String" PropName="Column" />
    <Column Name="C10" DataType="System.String" PropName="Column" />
    <Column Name="C11" DataType="System.String" PropName="Column" />
    <Column Name="C12" DataType="System.String" PropName="Column" />
    <Column Name="C13" DataType="System.String" PropName="Column" />
    <Column Name="C14" DataType="System.String" PropName="Column" />
  </TableDataSource>
  <TableDataSource Name="Data1" ReferenceName="Data.Data1" DataType="System.Int32" Enabled="true">
    <Column Name="C0" DataType="System.String" PropName="Column" />
    <Column Name="C1" DataType="System.String" PropName="Column" />
    <Column Name="C2" DataType="System.String" PropName="Column" />
    <Column Name="C3" DataType="System.String" PropName="Column" />
    <Column Name="C4" DataType="System.String" PropName="Column" />
    <Column Name="C5" DataType="System.String" PropName="Column" />
    <Column Name="C6" DataType="System.String" PropName="Column" />
    <Column Name="C7" DataType="System.String" PropName="Column" />
    <Column Name="C8" DataType="System.String" PropName="Column" />
    <Column Name="C9" DataType="System.String" PropName="Column" />
    <Column Name="C10" DataType="System.String" PropName="Column" />
    <Column Name="C11" DataType="System.String" PropName="Column" />
    <Column Name="C12" DataType="System.String" PropName="Column" />
    <Column Name="C13" DataType="System.String" PropName="Column" />
    <Column Name="C14" DataType="System.String" PropName="Column" />
    <Column Name="C15" DataType="System.String" PropName="Column" />
    <Column Name="C16" DataType="System.String" PropName="Column" />
    <Column Name="C17" DataType="System.String" PropName="Column" />
    <Column Name="C18" DataType="System.String" PropName="Column" />
    <Column Name="C19" DataType="System.String" PropName="Column" />
    <Column Name="C20" DataType="System.String" PropName="Column" />
    <Column Name="C21" DataType="System.String" PropName="Column" />
    <Column Name="C22" DataType="System.String" PropName="Column" />
    <Column Name="C23" DataType="System.String" PropName="Column" />
    <Column Name="C24" DataType="System.String" PropName="Column" />
    <Column Name="C25" DataType="System.String" PropName="Column" />
    <Column Name="C26" DataType="System.String" PropName="Column" />
    <Column Name="C27" DataType="System.String" PropName="Column" />
    <Column Name="C28" DataType="System.String" PropName="Column" />
    <Column Name="C29" DataType="System.String" PropName="Column" />
  </TableDataSource>
  <TableDataSource Name="Data2" ReferenceName="Data.Data2" DataType="System.Int32" Enabled="true">
    <Column Name="C0" DataType="System.String" PropName="Column" />
    <Column Name="C1" DataType="System.String" PropName="Column" />
    <Column Name="C2" DataType="System.String" PropName="Column" />
    <Column Name="C3" DataType="System.String" PropName="Column" />
    <Column Name="C4" DataType="System.String" PropName="Column" />
    <Column Name="C5" DataType="System.String" PropName="Column" />
    <Column Name="C6" DataType="System.String" PropName="Column" />
    <Column Name="C7" DataType="System.String" PropName="Column" />
    <Column Name="C8" DataType="System.String" PropName="Column" />
    <Column Name="C9" DataType="System.String" PropName="Column" />
    <Column Name="C10" DataType="System.String" PropName="Column" />
    <Column Name="C11" DataType="System.String" PropName="Column" />
    <Column Name="C12" DataType="System.String" PropName="Column" />
    <Column Name="C13" DataType="System.String" PropName="Column" />
    <Column Name="C14" DataType="System.String" PropName="Column" />
    <Column Name="C15" DataType="System.String" PropName="Column" />
    <Column Name="C16" DataType="System.String" PropName="Column" />
    <Column Name="C17" DataType="System.String" PropName="Column" />
    <Column Name="C18" DataType="System.String" PropName="Column" />
    <Column Name="C19" DataType="System.String" PropName="Column" />
    <Column Name="C20" DataType="System.String" PropName="Column" />
    <Column Name="C21" DataType="System.String" PropName="Column" />
    <Column Name="C22" DataType="System.String" PropName="Column" />
    <Column Name="C23" DataType="System.String" PropName="Column" />
    <Column Name="C24" DataType="System.String" PropName="Column" />
    <Column Name="C25" DataType="System.String" PropName="Column" />
    <Column Name="C26" DataType="System.String" PropName="Column" />
    <Column Name="C27" DataType="System.String" PropName="Column" />
    <Column Name="C28" DataType="System.String" PropName="Column" />
    <Column Name="C29" DataType="System.String" PropName="Column" />
  </TableDataSource>
  <TableDataSource Name="Data3" ReferenceName="Data.Data3" DataType="System.Int32" Enabled="true">
    <Column Name="C0" DataType="System.String" PropName="Column" />
    <Column Name="C1" DataType="System.String" PropName="Column" />
    <Column Name="C2" DataType="System.String" PropName="Column" />
    <Column Name="C3" DataType="System.String" PropName="Column" />
    <Column Name="C4" DataType="System.String" PropName="Column" />
    <Column Name="C5" DataType="System.String" PropName="Column" />
    <Column Name="C6" DataType="System.String" PropName="Column" />
    <Column Name="C7" DataType="System.String" PropName="Column" />
    <Column Name="C8" DataType="System.String" PropName="Column" />
    <Column Name="C9" DataType="System.String" PropName="Column" />
    <Column Name="C10" DataType="System.String" PropName="Column" />
    <Column Name="C11" DataType="System.String" PropName="Column" />
    <Column Name="C12" DataType="System.String" PropName="Column" />
    <Column Name="C13" DataType="System.String" PropName="Column" />
    <Column Name="C14" DataType="System.String" PropName="Column" />
  </TableDataSource>
  <TableDataSource Name="Image" ReferenceName="Data.Image" DataType="System.Int32" Enabled="true">
    <Column Name="C0" DataType="System.String" PropName="Column" />
    <Column Name="C1" DataType="System.String" PropName="Column" />
    <Column Name="C2" DataType="System.String" PropName="Column" />
    <Column Name="C3" DataType="System.String" PropName="Column" />
    <Column Name="C4" DataType="System.String" PropName="Column" />
    <Column Name="C5" DataType="System.String" PropName="Column" />
    <Column Name="C6" DataType="System.String" PropName="Column" />
    <Column Name="C7" DataType="System.String" PropName="Column" />
    <Column Name="C8" DataType="System.String" PropName="Column" />
    <Column Name="C9" DataType="System.String" PropName="Column" />
    <Column Name="C10" DataType="System.String" PropName="Column" />
    <Column Name="C11" DataType="System.String" PropName="Column" />
    <Column Name="C12" DataType="System.String" PropName="Column" />
    <Column Name="C13" DataType="System.String" PropName="Column" />
    <Column Name="C14" DataType="System.String" PropName="Column" />
  </TableDataSource>
  <TableDataSource Name="KVData" ReferenceName="Data.KVData" DataType="System.Int32" Enabled="true">
    <Column Name="Key" DataType="System.String" PropName="Column" />
    <Column Name="Value" DataType="System.String" PropName="Column" />
  </TableDataSource>
</Dictionary>