<?xml version="1.0" encoding="utf-8"?>
<Dictionary>
  <TableDataSource Name="FRCustom" ReferenceName="Data.FRCustom" DataType="System.Int32" Enabled="true">
    <Column Name="C0" DataType="System.String" PropName="Column" />
    <Column Name="C1" DataType="System.String" PropName="Column" />
    <Column Name="C2" DataType="System.String" PropName="Column" />
    <Column Name="C3" DataType="System.String" PropName="Column" />
    <Column Name="C4" DataType="System.String" PropName="Column" />
    <Column Name="C5" DataType="System.String" PropName="Column" />
    <Column Name="C6" DataType="System.String" PropName="Column" />
    <Column Name="C7" DataType="System.String" PropName="Column" />
    <Column Name="C8" DataType="System.String" PropName="Column" />
    <Column Name="C9" DataType="System.String" PropName="Column" />
    <Column Name="C10" DataType="System.String" PropName="Column" />
    <Column Name="C11" DataType="System.String" PropName="Column" />
    <Column Name="C12" DataType="System.String" PropName="Column" />
    <Column Name="C13" DataType="System.String" PropName="Column" />
    <Column Name="C14" DataType="System.String" PropName="Column" />
    <Column Name="C15" DataType="System.String" PropName="Column" />
    <Column Name="C16" DataType="System.String" PropName="Column" />
    <Column Name="C17" DataType="System.String" PropName="Column" />
    <Column Name="C18" DataType="System.String" PropName="Column" />
    <Column Name="C19" DataType="System.String" PropName="Column" />
    <Column Name="C20" DataType="System.String" PropName="Column" />
    <Column Name="C21" DataType="System.String" PropName="Column" />
    <Column Name="C22" DataType="System.String" PropName="Column" />
    <Column Name="C23" DataType="System.String" PropName="Column" />
    <Column Name="C24" DataType="System.String" PropName="Column" />
    <Column Name="C25" DataType="System.String" PropName="Column" />
    <Column Name="C26" DataType="System.String" PropName="Column" />
    <Column Name="C27" DataType="System.String" PropName="Column" />
    <Column Name="C28" DataType="System.String" PropName="Column" />
    <Column Name="C29" DataType="System.String" PropName="Column" />
    <Column Name="C30" DataType="System.String" PropName="Column" />
    <Column Name="C31" DataType="System.String" PropName="Column" />
    <Column Name="C32" DataType="System.String" PropName="Column" />
    <Column Name="C33" DataType="System.String" PropName="Column" />
    <Column Name="C34" DataType="System.String" PropName="Column" />
    <Column Name="C35" DataType="System.String" PropName="Column" />
    <Column Name="C36" DataType="System.String" PropName="Column" />
    <Column Name="C37" DataType="System.String" PropName="Column" />
    <Column Name="C38" DataType="System.String" PropName="Column" />
    <Column Name="C39" DataType="System.String" PropName="Column" />
    <Column Name="C40" DataType="System.String" PropName="Column" />
    <Column Name="C41" DataType="System.String" PropName="Column" />
    <Column Name="C42" DataType="System.String" PropName="Column" />
    <Column Name="C43" DataType="System.String" PropName="Column" />
    <Column Name="C44" DataType="System.String" PropName="Column" />
    <Column Name="C45" DataType="System.String" PropName="Column" />
    <Column Name="C46" DataType="System.String" PropName="Column" />
    <Column Name="C47" DataType="System.String" PropName="Column" />
    <Column Name="C48" DataType="System.String" PropName="Column" />
    <Column Name="C49" DataType="System.String" PropName="Column" />
  </TableDataSource>
  <TableDataSource Name="FRInfo" ReferenceName="Data.FRInfo" DataType="System.Int32" Enabled="true">
    <Column Name="C0" DataType="System.String" PropName="Column" />
    <Column Name="C1" DataType="System.String" PropName="Column" />
    <Column Name="C2" DataType="System.String" PropName="Column" />
    <Column Name="C3" DataType="System.String" PropName="Column" />
    <Column Name="C4" DataType="System.String" PropName="Column" />
    <Column Name="C5" DataType="System.String" PropName="Column" />
    <Column Name="C6" DataType="System.String" PropName="Column" />
    <Column Name="C7" DataType="System.String" PropName="Column" />
    <Column Name="C8" DataType="System.String" PropName="Column" />
    <Column Name="C9" DataType="System.String" PropName="Column" />
    <Column Name="C10" DataType="System.String" PropName="Column" />
    <Column Name="C11" DataType="System.String" PropName="Column" />
    <Column Name="C12" DataType="System.String" PropName="Column" />
    <Column Name="C13" DataType="System.String" PropName="Column" />
    <Column Name="C14" DataType="System.String" PropName="Column" />
    <Column Name="C15" DataType="System.String" PropName="Column" />
    <Column Name="C16" DataType="System.String" PropName="Column" />
    <Column Name="C17" DataType="System.String" PropName="Column" />
    <Column Name="C18" DataType="System.String" PropName="Column" />
    <Column Name="C19" DataType="System.String" PropName="Column" />
    <Column Name="C20" DataType="System.String" PropName="Column" />
    <Column Name="C21" DataType="System.String" PropName="Column" />
    <Column Name="C22" DataType="System.String" PropName="Column" />
    <Column Name="C23" DataType="System.String" PropName="Column" />
    <Column Name="C24" DataType="System.String" PropName="Column" />
    <Column Name="C25" DataType="System.String" PropName="Column" />
    <Column Name="C26" DataType="System.String" PropName="Column" />
    <Column Name="C27" DataType="System.String" PropName="Column" />
    <Column Name="C28" DataType="System.String" PropName="Column" />
    <Column Name="C29" DataType="System.String" PropName="Column" />
    <Column Name="C30" DataType="System.Byte[]" PropName="Column" />
    <Column Name="C31" DataType="System.Byte[]" PropName="Column" />
    <Column Name="C32" DataType="System.Byte[]" PropName="Column" />
  </TableDataSource>
  <TableDataSource Name="FRData" ReferenceName="Data.FRData" DataType="System.Int32" Enabled="true">
    <Column Name="C0" DataType="System.String" PropName="Column" />
    <Column Name="C1" DataType="System.String" PropName="Column" />
    <Column Name="C2" DataType="System.String" PropName="Column" />
    <Column Name="C3" DataType="System.String" PropName="Column" />
    <Column Name="C4" DataType="System.String" PropName="Column" />
    <Column Name="C5" DataType="System.String" PropName="Column" />
    <Column Name="C6" DataType="System.String" PropName="Column" />
    <Column Name="C7" DataType="System.String" PropName="Column" />
    <Column Name="C8" DataType="System.String" PropName="Column" />
    <Column Name="C9" DataType="System.String" PropName="Column" />
    <Column Name="C10" DataType="System.String" PropName="Column" />
    <Column Name="C11" DataType="System.String" PropName="Column" />
    <Column Name="C12" DataType="System.String" PropName="Column" />
    <Column Name="C13" DataType="System.String" PropName="Column" />
    <Column Name="C14" DataType="System.String" PropName="Column" />
    <Column Name="C15" DataType="System.String" PropName="Column" />
    <Column Name="C16" DataType="System.String" PropName="Column" />
    <Column Name="C17" DataType="System.String" PropName="Column" />
    <Column Name="C18" DataType="System.String" PropName="Column" />
    <Column Name="C19" DataType="System.String" PropName="Column" />
    <Column Name="C20" DataType="System.String" PropName="Column" />
    <Column Name="C21" DataType="System.String" PropName="Column" />
    <Column Name="C22" DataType="System.String" PropName="Column" />
    <Column Name="C23" DataType="System.String" PropName="Column" />
    <Column Name="C24" DataType="System.String" PropName="Column" />
    <Column Name="C25" DataType="System.String" PropName="Column" />
    <Column Name="C26" DataType="System.String" PropName="Column" />
    <Column Name="C27" DataType="System.String" PropName="Column" />
    <Column Name="C28" DataType="System.String" PropName="Column" />
    <Column Name="C29" DataType="System.String" PropName="Column" />
    <Column Name="C30" DataType="System.String" PropName="Column" />
    <Column Name="C31" DataType="System.String" PropName="Column" />
    <Column Name="C32" DataType="System.String" PropName="Column" />
    <Column Name="C33" DataType="System.String" PropName="Column" />
    <Column Name="C34" DataType="System.String" PropName="Column" />
    <Column Name="C35" DataType="System.String" PropName="Column" />
    <Column Name="C36" DataType="System.String" PropName="Column" />
    <Column Name="C37" DataType="System.String" PropName="Column" />
    <Column Name="C38" DataType="System.String" PropName="Column" />
    <Column Name="C39" DataType="System.String" PropName="Column" />
    <Column Name="C40" DataType="System.String" PropName="Column" />
    <Column Name="C41" DataType="System.String" PropName="Column" />
    <Column Name="C42" DataType="System.String" PropName="Column" />
    <Column Name="C43" DataType="System.String" PropName="Column" />
    <Column Name="C44" DataType="System.String" PropName="Column" />
    <Column Name="C45" DataType="System.String" PropName="Column" />
    <Column Name="C46" DataType="System.String" PropName="Column" />
    <Column Name="C47" DataType="System.String" PropName="Column" />
    <Column Name="C48" DataType="System.String" PropName="Column" />
    <Column Name="C49" DataType="System.String" PropName="Column" />
  </TableDataSource>
  <TableDataSource Name="FRItem" ReferenceName="Data.FRItem" DataType="System.Int32" Enabled="true">
    <Column Name="C0" DataType="System.String" PropName="Column" />
    <Column Name="C1" DataType="System.String" PropName="Column" />
    <Column Name="C2" DataType="System.String" PropName="Column" />
    <Column Name="C3" DataType="System.String" PropName="Column" />
    <Column Name="C4" DataType="System.String" PropName="Column" />
    <Column Name="C5" DataType="System.String" PropName="Column" />
    <Column Name="C6" DataType="System.String" PropName="Column" />
    <Column Name="C7" DataType="System.String" PropName="Column" />
    <Column Name="C8" DataType="System.String" PropName="Column" />
    <Column Name="C9" DataType="System.String" PropName="Column" />
    <Column Name="C10" DataType="System.String" PropName="Column" />
    <Column Name="C11" DataType="System.String" PropName="Column" />
    <Column Name="C12" DataType="System.String" PropName="Column" />
    <Column Name="C13" DataType="System.String" PropName="Column" />
    <Column Name="C14" DataType="System.String" PropName="Column" />
  </TableDataSource>
  <TableDataSource Name="FRImage" ReferenceName="Data.FRImage" DataType="System.Int32" Enabled="true">
    <Column Name="C0" DataType="System.Byte[]" PropName="Column" />
    <Column Name="C1" DataType="System.Byte[]" PropName="Column" />
    <Column Name="C2" DataType="System.Byte[]" PropName="Column" />
    <Column Name="C3" DataType="System.Byte[]" PropName="Column" />
    <Column Name="C4" DataType="System.Byte[]" PropName="Column" />
    <Column Name="C5" DataType="System.Byte[]" PropName="Column" />
    <Column Name="C6" DataType="System.Byte[]" PropName="Column" />
    <Column Name="C7" DataType="System.Byte[]" PropName="Column" />
    <Column Name="C8" DataType="System.String" PropName="Column" />
    <Column Name="C9" DataType="System.String" PropName="Column" />
    <Column Name="C10" DataType="System.String" PropName="Column" />
    <Column Name="C11" DataType="System.String" PropName="Column" />
    <Column Name="C12" DataType="System.String" PropName="Column" />
    <Column Name="C13" DataType="System.String" PropName="Column" />
    <Column Name="C14" DataType="System.String" PropName="Column" />
    <Column Name="C15" DataType="System.String" PropName="Column" />
  </TableDataSource>
</Dictionary>